<?xml version="1.0" encoding="UTF-8"?>
<!-- Generated by org.testng.reporters.JUnitReportReporter -->
<testsuite hostname="LAPTOP-81H605QD" failures="0" tests="3" name="Test_pages.Cart_page_test" time="25.130" errors="0" timestamp="2024-07-24T12:33:32 IST" skipped="0">
  <testcase classname="Test_pages.Cart_page_test" name="add_prdct_tocart_verify_Tc_004" time="10.047"/>
  <system-out/>
  <testcase classname="Test_pages.Cart_page_test" name="remove_prdct_tocart_verify_Tc_005" time="7.401"/>
  <system-out/>
  <testcase classname="Test_pages.Cart_page_test" name="verify_prdct_incart_Tc_006" time="7.682"/>
  <system-out/>
</testsuite> <!-- Test_pages.Cart_page_test -->
